  BitVector.cpp
  Cache.cpp
  file.cpp
  fs.cpp
  KernelFile.cpp
  KernelFS.cpp
  Generating Code...
  C:\Users\makib\source\repos\FileSystem\KernelFS.cpp(52) : error C4716: 'KernelFS::format': must return a value
  C:\Users\makib\source\repos\FileSystem\KernelFS.cpp(60) : error C4716: 'KernelFS::doesExist': must return a value
  C:\Users\makib\source\repos\FileSystem\KernelFS.cpp(64) : error C4716: 'KernelFS::open': must return a value
  C:\Users\makib\source\repos\FileSystem\KernelFS.cpp(56) : error C4716: 'KernelFS::readRootDir': must return a value
  C:\Users\makib\source\repos\FileSystem\KernelFS.cpp(69) : error C4716: 'KernelFS::deleteFile': must return a value
  C:\Users\makib\source\repos\FileSystem\KernelFS.cpp(77) : error C4716: 'KernelFS::getFile': must return a value
  C:\Users\makib\source\repos\FileSystem\KernelFile.cpp(19) : error C4716: 'KernelFile::write': must return a value
  C:\Users\makib\source\repos\FileSystem\KernelFile.cpp(25) : error C4716: 'KernelFile::read': must return a value
  C:\Users\makib\source\repos\FileSystem\KernelFile.cpp(30) : error C4716: 'KernelFile::seek': must return a value
  C:\Users\makib\source\repos\FileSystem\KernelFile.cpp(38) : error C4716: 'KernelFile::eof': must return a value
  C:\Users\makib\source\repos\FileSystem\KernelFile.cpp(42) : error C4716: 'KernelFile::getFileSize': must return a value
  C:\Users\makib\source\repos\FileSystem\KernelFile.cpp(46) : error C4716: 'KernelFile::truncate': must return a value
  C:\Users\makib\source\repos\FileSystem\KernelFile.cpp(56) : error C4716: 'KernelFile::writeByte': must return a value
  C:\Users\makib\source\repos\FileSystem\KernelFile.cpp(60) : error C4716: 'KernelFile::readByte': must return a value
  C:\Users\makib\source\repos\FileSystem\KernelFile.cpp(64) : error C4716: 'KernelFile::allocate': must return a value
  C:\Users\makib\source\repos\FileSystem\fs.cpp(35) : error C4716: 'FS::open': must return a value
C:\Program Files (x86)\Microsoft Visual Studio\2019\Community\MSBuild\Microsoft\VC\v160\Microsoft.CppCommon.targets(429,5): error MSB6006: "CL.exe" exited with code 2.
